# JRE version: OpenJDK Runtime Environment (17.0.9) (build 17.0.9+0--11185874)
# Java VM: OpenJDK 64-Bit Server VM (17.0.9+0--11185874, mixed mode, tiered, compressed oops, compressed class ptrs, g1 gc, windows-amd64)
GC Precious Log:
 CPUs: 4 total, 4 available
 Memory: 4001M
 Large Page Support: Disabled
 NUMA Support: Disabled
 Compressed Oops: Enabled (32-bit)
 Heap Region Size: 1M
 Heap Min Capacity: 8M
 Heap Initial Capacity: 64M
 Heap Max Capacity: 2G
 Pre-touch: Disabled
 Parallel Workers: 4
 Concurrent Workers: 1
 Concurrent Refinement Workers: 4
 Periodic GC: Disabled
Heap:
 garbage-first heap   total 327680K, used 133569K [0x0000000080000000, 0x0000000100000000)
  region size 1024K, 3 young (3072K), 3 survivors (3072K)
 Metaspace       used 118799K, committed 119552K, reserved 1179648K
  class space    used 16154K, committed 16512K, reserved 1048576K
GC Heap History (20 events):
Event: 26.301 GC heap after
{Heap after GC invocations=39 (full 0):
 garbage-first heap   total 138240K, used 87930K [0x0000000080000000, 0x0000000100000000)
  region size 1024K, 4 young (4096K), 4 survivors (4096K)
 Metaspace       used 92242K, committed 92800K, reserved 1179648K
  class space    used 12405K, committed 12672K, reserved 1048576K
}
Event: 26.922 GC heap before
{Heap before GC invocations=40 (full 0):
 garbage-first heap   total 163840K, used 109434K [0x0000000080000000, 0x0000000100000000)
  region size 1024K, 25 young (25600K), 4 survivors (4096K)
 Metaspace       used 94007K, committed 94592K, reserved 1179648K
  class space    used 12600K, committed 12864K, reserved 1048576K
}
Event: 26.933 GC heap after
{Heap after GC invocations=41 (full 0):
 garbage-first heap   total 163840K, used 90897K [0x0000000080000000, 0x0000000100000000)
  region size 1024K, 3 young (3072K), 3 survivors (3072K)
 Metaspace       used 94007K, committed 94592K, reserved 1179648K
  class space    used 12600K, committed 12864K, reserved 1048576K
}
Event: 27.025 GC heap before
{Heap before GC invocations=41 (full 0):
 garbage-first heap   total 163840K, used 96017K [0x0000000080000000, 0x0000000100000000)
  region size 1024K, 8 young (8192K), 3 survivors (3072K)
 Metaspace       used 94117K, committed 94720K, reserved 1179648K
  class space    used 12602K, committed 12864K, reserved 1048576K
}
Event: 27.035 GC heap after
{Heap after GC invocations=42 (full 0):
 garbage-first heap   total 327680K, used 91248K [0x0000000080000000, 0x0000000100000000)
  region size 1024K, 1 young (1024K), 1 survivors (1024K)
 Metaspace       used 94117K, committed 94720K, reserved 1179648K
  class space    used 12602K, committed 12864K, reserved 1048576K
}
Event: 32.779 GC heap before
{Heap before GC invocations=42 (full 0):
 garbage-first heap   total 327680K, used 255088K [0x0000000080000000, 0x0000000100000000)
  region size 1024K, 162 young (165888K), 1 survivors (1024K)
 Metaspace       used 97053K, committed 97728K, reserved 1179648K
  class space    used 12958K, committed 13312K, reserved 1048576K
}
Event: 32.846 GC heap after
{Heap after GC invocations=43 (full 0):
 garbage-first heap   total 327680K, used 101043K [0x0000000080000000, 0x0000000100000000)
  region size 1024K, 11 young (11264K), 11 survivors (11264K)
 Metaspace       used 97053K, committed 97728K, reserved 1179648K
  class space    used 12958K, committed 13312K, reserved 1048576K
}
Event: 209.537 GC heap before
{Heap before GC invocations=43 (full 0):
 garbage-first heap   total 327680K, used 263859K [0x0000000080000000, 0x0000000100000000)
  region size 1024K, 156 young (159744K), 11 survivors (11264K)
 Metaspace       used 117439K, committed 118144K, reserved 1179648K
  class space    used 16118K, committed 16448K, reserved 1048576K
}
Event: 211.055 GC heap after
{Heap after GC invocations=44 (full 0):
 garbage-first heap   total 327680K, used 108924K [0x0000000080000000, 0x0000000100000000)
  region size 1024K, 18 young (18432K), 18 survivors (18432K)
 Metaspace       used 117439K, committed 118144K, reserved 1179648K
  class space    used 16118K, committed 16448K, reserved 1048576K
}
Event: 211.449 GC heap before
{Heap before GC invocations=44 (full 0):
 garbage-first heap   total 327680K, used 109948K [0x0000000080000000, 0x0000000100000000)
  region size 1024K, 19 young (19456K), 18 survivors (18432K)
 Metaspace       used 117444K, committed 118144K, reserved 1179648K
  class space    used 16118K, committed 16448K, reserved 1048576K
}
Event: 211.686 GC heap after
{Heap after GC invocations=45 (full 0):
 garbage-first heap   total 327680K, used 110053K [0x0000000080000000, 0x0000000100000000)
  region size 1024K, 2 young (2048K), 2 survivors (2048K)
 Metaspace       used 117444K, committed 118144K, reserved 1179648K
  class space    used 16118K, committed 16448K, reserved 1048576K
}
Event: 212.653 GC heap before
{Heap before GC invocations=45 (full 0):
 garbage-first heap   total 327680K, used 123365K [0x0000000080000000, 0x0000000100000000)
  region size 1024K, 16 young (16384K), 2 survivors (2048K)
 Metaspace       used 117642K, committed 118400K, reserved 1179648K
  class space    used 16121K, committed 16448K, reserved 1048576K
}
Event: 212.660 GC heap after
{Heap after GC invocations=46 (full 0):
 garbage-first heap   total 327680K, used 109959K [0x0000000080000000, 0x0000000100000000)
  region size 1024K, 2 young (2048K), 2 survivors (2048K)
 Metaspace       used 117642K, committed 118400K, reserved 1179648K
  class space    used 16121K, committed 16448K, reserved 1048576K
}
Event: 214.893 GC heap before
{Heap before GC invocations=46 (full 0):
 garbage-first heap   total 327680K, used 138631K [0x0000000080000000, 0x0000000100000000)
  region size 1024K, 31 young (31744K), 2 survivors (2048K)
 Metaspace       used 118158K, committed 118848K, reserved 1179648K
  class space    used 16134K, committed 16448K, reserved 1048576K
}
Event: 214.921 GC heap after
{Heap after GC invocations=47 (full 0):
 garbage-first heap   total 327680K, used 114264K [0x0000000080000000, 0x0000000100000000)
  region size 1024K, 4 young (4096K), 4 survivors (4096K)
 Metaspace       used 118158K, committed 118848K, reserved 1179648K
  class space    used 16134K, committed 16448K, reserved 1048576K
}
Event: 216.946 GC heap before
{Heap before GC invocations=47 (full 0):
 garbage-first heap   total 327680K, used 146008K [0x0000000080000000, 0x0000000100000000)
  region size 1024K, 34 young (34816K), 4 survivors (4096K)
 Metaspace       used 118274K, committed 118912K, reserved 1179648K
  class space    used 16148K, committed 16448K, reserved 1048576K
}
Event: 216.999 GC heap after
{Heap after GC invocations=48 (full 0):
 garbage-first heap   total 327680K, used 125033K [0x0000000080000000, 0x0000000100000000)
  region size 1024K, 5 young (5120K), 5 survivors (5120K)
 Metaspace       used 118274K, committed 118912K, reserved 1179648K
  class space    used 16148K, committed 16448K, reserved 1048576K
}
Event: 217.281 GC heap before
{Heap before GC invocations=48 (full 0):
 garbage-first heap   total 327680K, used 150633K [0x0000000080000000, 0x0000000100000000)
  region size 1024K, 30 young (30720K), 5 survivors (5120K)
 Metaspace       used 118324K, committed 119040K, reserved 1179648K
  class space    used 16148K, committed 16448K, reserved 1048576K
}
Event: 217.308 GC heap after
{Heap after GC invocations=49 (full 0):
 garbage-first heap   total 327680K, used 130334K [0x0000000080000000, 0x0000000100000000)
  region size 1024K, 4 young (4096K), 4 survivors (4096K)
 Metaspace       used 118324K, committed 119040K, reserved 1179648K
  class space    used 16148K, committed 16448K, reserved 1048576K
}
Event: 219.314 GC heap before
{Heap before GC invocations=49 (full 0):
 garbage-first heap   total 327680K, used 172318K [0x0000000080000000, 0x0000000100000000)
  region size 1024K, 46 young (47104K), 4 survivors (4096K)
 Metaspace       used 118799K, committed 119552K, reserved 1179648K
  class space    used 16154K, committed 16512K, reserved 1048576K
}

