# JRE version: OpenJDK Runtime Environment (17.0.9) (build 17.0.9+0--11185874)
# Java VM: OpenJDK 64-Bit Server VM (17.0.9+0--11185874, mixed mode, tiered, compressed oops, compressed class ptrs, g1 gc, windows-amd64)
GC Precious Log:
 CPUs: 4 total, 4 available
 Memory: 4001M
 Large Page Support: Disabled
 NUMA Support: Disabled
 Compressed Oops: Enabled (32-bit)
 Heap Region Size: 1M
 Heap Min Capacity: 8M
 Heap Initial Capacity: 64M
 Heap Max Capacity: 2G
 Pre-touch: Disabled
 Parallel Workers: 4
 Concurrent Workers: 1
 Concurrent Refinement Workers: 4
 Periodic GC: Disabled
Heap:
 garbage-first heap   total 529408K, used 196046K [0x0000000080000000, 0x0000000100000000)
  region size 1024K, 4 young (4096K), 4 survivors (4096K)
 Metaspace       used 222173K, committed 224192K, reserved 1245184K
  class space    used 29336K, committed 30272K, reserved 1048576K
GC Heap History (20 events):
Event: 7782.640 GC heap after
{Heap after GC invocations=160 (full 0):
 garbage-first heap   total 529408K, used 167418K [0x0000000080000000, 0x0000000100000000)
  region size 1024K, 1 young (1024K), 1 survivors (1024K)
 Metaspace       used 215419K, committed 217024K, reserved 1245184K
  class space    used 28397K, committed 29120K, reserved 1048576K
}
Event: 8220.291 GC heap before
{Heap before GC invocations=160 (full 0):
 garbage-first heap   total 529408K, used 431610K [0x0000000080000000, 0x0000000100000000)
  region size 1024K, 261 young (267264K), 1 survivors (1024K)
 Metaspace       used 221525K, committed 223296K, reserved 1245184K
  class space    used 29194K, committed 30016K, reserved 1048576K
}
Event: 8221.164 GC heap after
{Heap after GC invocations=161 (full 0):
 garbage-first heap   total 529408K, used 180861K [0x0000000080000000, 0x0000000100000000)
  region size 1024K, 17 young (17408K), 17 survivors (17408K)
 Metaspace       used 221525K, committed 223296K, reserved 1245184K
  class space    used 29194K, committed 30016K, reserved 1048576K
}
Event: 8221.670 GC heap before
{Heap before GC invocations=161 (full 0):
 garbage-first heap   total 529408K, used 190077K [0x0000000080000000, 0x0000000100000000)
  region size 1024K, 25 young (25600K), 17 survivors (17408K)
 Metaspace       used 221525K, committed 223296K, reserved 1245184K
  class space    used 29194K, committed 30016K, reserved 1048576K
}
Event: 8221.786 GC heap after
{Heap after GC invocations=162 (full 0):
 garbage-first heap   total 529408K, used 187180K [0x0000000080000000, 0x0000000100000000)
  region size 1024K, 4 young (4096K), 4 survivors (4096K)
 Metaspace       used 221525K, committed 223296K, reserved 1245184K
  class space    used 29194K, committed 30016K, reserved 1048576K
}
Event: 8229.245 GC heap before
{Heap before GC invocations=163 (full 0):
 garbage-first heap   total 529408K, used 231212K [0x0000000080000000, 0x0000000100000000)
  region size 1024K, 47 young (48128K), 4 survivors (4096K)
 Metaspace       used 221505K, committed 223296K, reserved 1245184K
  class space    used 29189K, committed 30016K, reserved 1048576K
}
Event: 8229.292 GC heap after
{Heap after GC invocations=164 (full 0):
 garbage-first heap   total 529408K, used 191488K [0x0000000080000000, 0x0000000100000000)
  region size 1024K, 6 young (6144K), 6 survivors (6144K)
 Metaspace       used 221505K, committed 223296K, reserved 1245184K
  class space    used 29189K, committed 30016K, reserved 1048576K
}
Event: 8404.323 GC heap before
{Heap before GC invocations=164 (full 0):
 garbage-first heap   total 529408K, used 209920K [0x0000000080000000, 0x0000000100000000)
  region size 1024K, 25 young (25600K), 6 survivors (6144K)
 Metaspace       used 221512K, committed 223296K, reserved 1245184K
  class space    used 29190K, committed 30016K, reserved 1048576K
}
Event: 8404.919 GC heap after
{Heap after GC invocations=165 (full 0):
 garbage-first heap   total 529408K, used 188274K [0x0000000080000000, 0x0000000100000000)
  region size 1024K, 2 young (2048K), 2 survivors (2048K)
 Metaspace       used 221512K, committed 223296K, reserved 1245184K
  class space    used 29190K, committed 30016K, reserved 1048576K
}
Event: 8616.896 GC heap before
{Heap before GC invocations=165 (full 0):
 garbage-first heap   total 529408K, used 210802K [0x0000000080000000, 0x0000000100000000)
  region size 1024K, 25 young (25600K), 2 survivors (2048K)
 Metaspace       used 221516K, committed 223296K, reserved 1245184K
  class space    used 29190K, committed 30016K, reserved 1048576K
}
Event: 8617.090 GC heap after
{Heap after GC invocations=166 (full 0):
 garbage-first heap   total 529408K, used 189720K [0x0000000080000000, 0x0000000100000000)
  region size 1024K, 3 young (3072K), 3 survivors (3072K)
 Metaspace       used 221516K, committed 223296K, reserved 1245184K
  class space    used 29190K, committed 30016K, reserved 1048576K
}
Event: 8619.455 GC heap before
{Heap before GC invocations=166 (full 0):
 garbage-first heap   total 529408K, used 211224K [0x0000000080000000, 0x0000000100000000)
  region size 1024K, 25 young (25600K), 3 survivors (3072K)
 Metaspace       used 221827K, committed 223680K, reserved 1245184K
  class space    used 29271K, committed 30144K, reserved 1048576K
}
Event: 8619.581 GC heap after
{Heap after GC invocations=167 (full 0):
 garbage-first heap   total 529408K, used 192508K [0x0000000080000000, 0x0000000100000000)
  region size 1024K, 4 young (4096K), 4 survivors (4096K)
 Metaspace       used 221827K, committed 223680K, reserved 1245184K
  class space    used 29271K, committed 30144K, reserved 1048576K
}
Event: 8621.033 GC heap before
{Heap before GC invocations=167 (full 0):
 garbage-first heap   total 529408K, used 206844K [0x0000000080000000, 0x0000000100000000)
  region size 1024K, 20 young (20480K), 4 survivors (4096K)
 Metaspace       used 221838K, committed 223744K, reserved 1245184K
  class space    used 29273K, committed 30144K, reserved 1048576K
}
Event: 8621.133 GC heap after
{Heap after GC invocations=168 (full 0):
 garbage-first heap   total 529408K, used 196580K [0x0000000080000000, 0x0000000100000000)
  region size 1024K, 7 young (7168K), 7 survivors (7168K)
 Metaspace       used 221838K, committed 223744K, reserved 1245184K
  class space    used 29273K, committed 30144K, reserved 1048576K
}
Event: 8979.953 GC heap before
{Heap before GC invocations=169 (full 0):
 garbage-first heap   total 529408K, used 375780K [0x0000000080000000, 0x0000000100000000)
  region size 1024K, 167 young (171008K), 7 survivors (7168K)
 Metaspace       used 222173K, committed 224192K, reserved 1245184K
  class space    used 29336K, committed 30272K, reserved 1048576K
}
Event: 8980.273 GC heap after
{Heap after GC invocations=170 (full 0):
 garbage-first heap   total 529408K, used 205255K [0x0000000080000000, 0x0000000100000000)
  region size 1024K, 14 young (14336K), 14 survivors (14336K)
 Metaspace       used 222173K, committed 224192K, reserved 1245184K
  class space    used 29336K, committed 30272K, reserved 1048576K
}
Event: 8980.853 GC heap before
{Heap before GC invocations=170 (full 0):
 garbage-first heap   total 529408K, used 216519K [0x0000000080000000, 0x0000000100000000)
  region size 1024K, 25 young (25600K), 14 survivors (14336K)
 Metaspace       used 222173K, committed 224192K, reserved 1245184K
  class space    used 29336K, committed 30272K, reserved 1048576K
}
Event: 8981.002 GC heap after
{Heap after GC invocations=171 (full 0):
 garbage-first heap   total 529408K, used 196573K [0x0000000080000000, 0x0000000100000000)
  region size 1024K, 4 young (4096K), 4 survivors (4096K)
 Metaspace       used 222173K, committed 224192K, reserved 1245184K
  class space    used 29336K, committed 30272K, reserved 1048576K
}
Event: 8981.978 GC heap before
{Heap before GC invocations=171 (full 0):
 garbage-first heap   total 529408K, used 218077K [0x0000000080000000, 0x0000000100000000)
  region size 1024K, 25 young (25600K), 4 survivors (4096K)
 Metaspace       used 222173K, committed 224192K, reserved 1245184K
  class space    used 29336K, committed 30272K, reserved 1048576K
}

