# JRE version: Java(TM) SE Runtime Environment (17.0.1+12) (build 17.0.1+12-LTS-39)
# Java VM: Java HotSpot(TM) 64-Bit Server VM (17.0.1+12-LTS-39, mixed mode, emulated-client, sharing, tiered, compressed oops, compressed class ptrs, g1 gc, windows-amd64)
GC Precious Log:
 CPUs: 4 total, 4 available
 Memory: 4001M
 Large Page Support: Disabled
 NUMA Support: Disabled
 Compressed Oops: Enabled (32-bit)
 Heap Region Size: 1M
 Heap Min Capacity: 8M
 Heap Initial Capacity: 64M
 Heap Max Capacity: 1002M
 Pre-touch: Disabled
 Parallel Workers: 4
 Concurrent Workers: 1
 Concurrent Refinement Workers: 4
 Periodic GC: Disabled
Heap:
 garbage-first heap   total 65536K, used 13853K [0x00000000c1600000, 0x0000000100000000)
  region size 1024K, 3 young (3072K), 3 survivors (3072K)
 Metaspace       used 17794K, committed 18112K, reserved 1073152K
  class space    used 2434K, committed 2624K, reserved 1048576K
GC Heap History (15 events):
Event: 0.789 GC heap before
{Heap before GC invocations=0 (full 0):
 garbage-first heap   total 65536K, used 13312K [0x00000000c1600000, 0x0000000100000000)
  region size 1024K, 13 young (13312K), 0 survivors (0K)
 Metaspace       used 2170K, committed 2304K, reserved 1056768K
  class space    used 255K, committed 320K, reserved 1048576K
}
Event: 0.797 GC heap after
{Heap after GC invocations=1 (full 0):
 garbage-first heap   total 65536K, used 6192K [0x00000000c1600000, 0x0000000100000000)
  region size 1024K, 2 young (2048K), 2 survivors (2048K)
 Metaspace       used 2170K, committed 2304K, reserved 1056768K
  class space    used 255K, committed 320K, reserved 1048576K
}
Event: 1.608 GC heap before
{Heap before GC invocations=1 (full 0):
 garbage-first heap   total 65536K, used 17456K [0x00000000c1600000, 0x0000000100000000)
  region size 1024K, 14 young (14336K), 2 survivors (2048K)
 Metaspace       used 5496K, committed 5696K, reserved 1056768K
  class space    used 754K, committed 832K, reserved 1048576K
}
Event: 1.614 GC heap after
{Heap after GC invocations=2 (full 0):
 garbage-first heap   total 65536K, used 7387K [0x00000000c1600000, 0x0000000100000000)
  region size 1024K, 2 young (2048K), 2 survivors (2048K)
 Metaspace       used 5496K, committed 5696K, reserved 1056768K
  class space    used 754K, committed 832K, reserved 1048576K
}
Event: 2.417 GC heap before
{Heap before GC invocations=2 (full 0):
 garbage-first heap   total 65536K, used 27867K [0x00000000c1600000, 0x0000000100000000)
  region size 1024K, 22 young (22528K), 2 survivors (2048K)
 Metaspace       used 10183K, committed 10432K, reserved 1064960K
  class space    used 1388K, committed 1536K, reserved 1048576K
}
Event: 2.421 GC heap after
{Heap after GC invocations=3 (full 0):
 garbage-first heap   total 65536K, used 8827K [0x00000000c1600000, 0x0000000100000000)
  region size 1024K, 3 young (3072K), 3 survivors (3072K)
 Metaspace       used 10183K, committed 10432K, reserved 1064960K
  class space    used 1388K, committed 1536K, reserved 1048576K
}
Event: 2.900 GC heap before
{Heap before GC invocations=3 (full 0):
 garbage-first heap   total 65536K, used 39547K [0x00000000c1600000, 0x0000000100000000)
  region size 1024K, 34 young (34816K), 3 survivors (3072K)
 Metaspace       used 15154K, committed 15360K, reserved 1064960K
  class space    used 2062K, committed 2176K, reserved 1048576K
}
Event: 2.907 GC heap after
{Heap after GC invocations=4 (full 0):
 garbage-first heap   total 65536K, used 11547K [0x00000000c1600000, 0x0000000100000000)
  region size 1024K, 5 young (5120K), 5 survivors (5120K)
 Metaspace       used 15154K, committed 15360K, reserved 1064960K
  class space    used 2062K, committed 2176K, reserved 1048576K
}
Event: 2.917 GC heap before
{Heap before GC invocations=4 (full 0):
 garbage-first heap   total 65536K, used 41243K [0x00000000c1600000, 0x0000000100000000)
  region size 1024K, 35 young (35840K), 5 survivors (5120K)
 Metaspace       used 15176K, committed 15424K, reserved 1064960K
  class space    used 2065K, committed 2176K, reserved 1048576K
}
Event: 2.923 GC heap after
{Heap after GC invocations=5 (full 0):
 garbage-first heap   total 65536K, used 12436K [0x00000000c1600000, 0x0000000100000000)
  region size 1024K, 1 young (1024K), 1 survivors (1024K)
 Metaspace       used 15176K, committed 15424K, reserved 1064960K
  class space    used 2065K, committed 2176K, reserved 1048576K
}
Event: 2.933 GC heap before
{Heap before GC invocations=5 (full 0):
 garbage-first heap   total 65536K, used 44180K [0x00000000c1600000, 0x0000000100000000)
  region size 1024K, 33 young (33792K), 1 survivors (1024K)
 Metaspace       used 15248K, committed 15488K, reserved 1064960K
  class space    used 2071K, committed 2176K, reserved 1048576K
}
Event: 2.933 GC heap after
{Heap after GC invocations=6 (full 0):
 garbage-first heap   total 65536K, used 11816K [0x00000000c1600000, 0x0000000100000000)
  region size 1024K, 1 young (1024K), 1 survivors (1024K)
 Metaspace       used 15248K, committed 15488K, reserved 1064960K
  class space    used 2071K, committed 2176K, reserved 1048576K
}
Event: 2.943 GC heap before
{Heap before GC invocations=6 (full 0):
 garbage-first heap   total 65536K, used 47656K [0x00000000c1600000, 0x0000000100000000)
  region size 1024K, 37 young (37888K), 1 survivors (1024K)
 Metaspace       used 15248K, committed 15488K, reserved 1064960K
  class space    used 2071K, committed 2176K, reserved 1048576K
}
Event: 2.943 GC heap after
{Heap after GC invocations=7 (full 0):
 garbage-first heap   total 65536K, used 11677K [0x00000000c1600000, 0x0000000100000000)
  region size 1024K, 1 young (1024K), 1 survivors (1024K)
 Metaspace       used 15248K, committed 15488K, reserved 1064960K
  class space    used 2071K, committed 2176K, reserved 1048576K
}
Event: 3.743 GC heap before
{Heap before GC invocations=7 (full 0):
 garbage-first heap   total 65536K, used 48541K [0x00000000c1600000, 0x0000000100000000)
  region size 1024K, 38 young (38912K), 1 survivors (1024K)
 Metaspace       used 17794K, committed 18112K, reserved 1073152K
  class space    used 2434K, committed 2624K, reserved 1048576K
}

